<?xml version="1.0" encoding="UTF-8"?>
<!-- Generated by org.testng.reporters.JUnitXMLReporter -->
<testsuite ignored="0" hostname="ManjuMohar" failures="0" tests="3" name="Default test" time="20.346" errors="0" timestamp="2024-04-14T17:43:25 IST">
  <testcase classname="com.gopro.qa.testcases.LoginPageTest" name="loginTest" time="1.152"/>
  <testcase classname="com.gopro.qa.testcases.LoginPageTest" name="ValidateLoginTitlePage" time="0.018"/>
  <testcase classname="com.gopro.qa.testcases.LoginPageTest" name="VerifyLogoImage" time="0.069"/>
</testsuite> <!-- Default test -->
