<?xml version="1.0" encoding="UTF-8"?>
<!-- Generated by org.testng.reporters.JUnitXMLReporter -->
<testsuite ignored="0" hostname="ManjuMohar" failures="0" tests="7" name="ParaBank Test cases" time="55.58" errors="0" timestamp="2024-04-14T16:46:29 IST">
  <testcase classname="com.gopro.qa.testcases.LoginPageTest" name="loginTest" time="3.671"/>
  <testcase classname="com.gopro.qa.testcases.LoginPageTest" name="ValidateLoginTitlePage" time="0.06"/>
  <testcase classname="com.gopro.qa.testcases.LoginPageTest" name="VerifyLogoImage" time="0.163"/>
  <testcase classname="com.gopro.qa.testcases.TestSignUpPage" name="TestSignUp" time="1.854"/>
  <testcase classname="com.gopro.qa.testcases.TestContactUs" name="ContactUsTest" time="3.139"/>
  <testcase classname="com.gopro.qa.testcases.TestContactUs" name="ContactUsTest" time="3.209"/>
  <testcase classname="com.gopro.qa.testcases.TestAdminPage" name="loanProviderTest" time="1.083"/>
</testsuite> <!-- ParaBank Test cases -->
