<?xml version="1.0" encoding="UTF-8"?>
<testng-results ignored="0" total="3" passed="3" failed="0" skipped="0">
  <reporter-output>
  </reporter-output>
  <suite started-at="2024-04-14T17:43:05 IST" name="Default suite" finished-at="2024-04-14T17:43:25 IST" duration-ms="20346">
    <groups>
    </groups>
    <test started-at="2024-04-14T17:43:05 IST" name="Default test" finished-at="2024-04-14T17:43:25 IST" duration-ms="20346">
      <class name="com.gopro.qa.testcases.LoginPageTest">
        <test-method is-config="true" signature="setup()[pri:0, instance:com.gopro.qa.testcases.LoginPageTest@73e22a3d]" started-at="2024-04-14T17:43:05 IST" name="setup" finished-at="2024-04-14T17:43:12 IST" duration-ms="7744" status="PASS">
          <reporter-output>
          </reporter-output>
        </test-method> <!-- setup -->
        <test-method signature="loginTest()[pri:1, instance:com.gopro.qa.testcases.LoginPageTest@73e22a3d]" started-at="2024-04-14T17:43:12 IST" name="loginTest" finished-at="2024-04-14T17:43:14 IST" duration-ms="1152" status="PASS">
          <reporter-output>
          </reporter-output>
        </test-method> <!-- loginTest -->
        <test-method is-config="true" signature="tearDown()[pri:0, instance:com.gopro.qa.testcases.LoginPageTest@73e22a3d]" started-at="2024-04-14T17:43:14 IST" name="tearDown" finished-at="2024-04-14T17:43:14 IST" duration-ms="774" status="PASS">
          <reporter-output>
          </reporter-output>
        </test-method> <!-- tearDown -->
        <test-method is-config="true" signature="setup()[pri:0, instance:com.gopro.qa.testcases.LoginPageTest@73e22a3d]" started-at="2024-04-14T17:43:14 IST" name="setup" finished-at="2024-04-14T17:43:20 IST" duration-ms="5502" status="PASS">
          <reporter-output>
          </reporter-output>
        </test-method> <!-- setup -->
        <test-method signature="ValidateLoginTitlePage()[pri:2, instance:com.gopro.qa.testcases.LoginPageTest@73e22a3d]" started-at="2024-04-14T17:43:20 IST" name="ValidateLoginTitlePage" finished-at="2024-04-14T17:43:20 IST" duration-ms="18" status="PASS">
          <reporter-output>
          </reporter-output>
        </test-method> <!-- ValidateLoginTitlePage -->
        <test-method is-config="true" signature="tearDown()[pri:0, instance:com.gopro.qa.testcases.LoginPageTest@73e22a3d]" started-at="2024-04-14T17:43:20 IST" name="tearDown" finished-at="2024-04-14T17:43:21 IST" duration-ms="746" status="PASS">
          <reporter-output>
          </reporter-output>
        </test-method> <!-- tearDown -->
        <test-method is-config="true" signature="setup()[pri:0, instance:com.gopro.qa.testcases.LoginPageTest@73e22a3d]" started-at="2024-04-14T17:43:21 IST" name="setup" finished-at="2024-04-14T17:43:24 IST" duration-ms="3580" status="PASS">
          <reporter-output>
          </reporter-output>
        </test-method> <!-- setup -->
        <test-method signature="VerifyLogoImage()[pri:4, instance:com.gopro.qa.testcases.LoginPageTest@73e22a3d]" started-at="2024-04-14T17:43:24 IST" name="VerifyLogoImage" finished-at="2024-04-14T17:43:24 IST" duration-ms="69" status="PASS">
          <reporter-output>
          </reporter-output>
        </test-method> <!-- VerifyLogoImage -->
        <test-method is-config="true" signature="tearDown()[pri:0, instance:com.gopro.qa.testcases.LoginPageTest@73e22a3d]" started-at="2024-04-14T17:43:24 IST" name="tearDown" finished-at="2024-04-14T17:43:25 IST" duration-ms="707" status="PASS">
          <reporter-output>
          </reporter-output>
        </test-method> <!-- tearDown -->
      </class> <!-- com.gopro.qa.testcases.LoginPageTest -->
    </test> <!-- Default test -->
  </suite> <!-- Default suite -->
</testng-results>
